<?xml version="1.0" encoding="UTF-8"?>
<!-- Generated by org.testng.reporters.JUnitReportReporter -->
<testsuite hostname="Yousefs-MacBook-Pro.local" failures="0" tests="1" name="scripts._06_RadioButtonTest" time="12.918" errors="0" timestamp="2022-06-11T14:42:54 CDT" skipped="0">
  <testcase classname="scripts._06_RadioButtonTest" name="testFacebookGenderRadioButtons" time="12.918"/>
  <system-out/>
</testsuite> <!-- scripts._06_RadioButtonTest -->
