<?xml version="1.0" encoding="UTF-8"?>
<!-- Generated by org.testng.reporters.JUnitReportReporter -->
<testsuite hostname="Yousefs-MacBook-Pro.local" failures="0" tests="2" name="scripts._09_IFrames" time="35.573" errors="0" timestamp="2022-06-11T14:42:54 CDT" skipped="0">
  <testcase classname="scripts._09_IFrames" name="testIFrame" time="12.568"/>
  <system-out/>
  <testcase classname="scripts._09_IFrames" name="rediffIFrameTest" time="23.005"/>
  <system-out/>
</testsuite> <!-- scripts._09_IFrames -->
