<?xml version="1.0" encoding="UTF-8"?>
<!-- Generated by org.testng.reporters.JUnitReportReporter -->
<testsuite hostname="Yousefs-MacBook-Pro.local" failures="0" tests="2" name="scripts._01_AppleTest" time="3.540" errors="0" timestamp="2022-05-22T16:00:21 CDT" skipped="0">
  <testcase classname="scripts._01_AppleTest" name="testAppleTitle" time="1.572"/>
  <system-out/>
  <testcase classname="scripts._01_AppleTest" name="testAppleURL" time="1.968"/>
  <system-out/>
</testsuite> <!-- scripts._01_AppleTest -->
