<?xml version="1.0" encoding="UTF-8"?>
<!-- Generated by org.testng.reporters.JUnitReportReporter -->
<testsuite hostname="Yousefs-MacBook-Pro.local" failures="0" tests="2" name="scripts._10_WindowsHandles" time="20.998" errors="0" timestamp="2022-06-11T14:42:54 CDT" skipped="0">
  <testcase classname="scripts._10_WindowsHandles" name="testTechGlobalSchoolFaceBookIcon" time="14.760"/>
  <system-out/>
  <testcase classname="scripts._10_WindowsHandles" name="testWindowHandle2" time="6.238"/>
  <system-out/>
</testsuite> <!-- scripts._10_WindowsHandles -->
