<?xml version="1.0" encoding="UTF-8"?>
<!-- Generated by org.testng.reporters.JUnitReportReporter -->
<testsuite hostname="Yousefs-MacBook-Pro.local" failures="0" tests="1" name="scripts._03_EtsyTest" time="6.150" errors="0" timestamp="2022-05-29T15:42:43 CDT" skipped="0">
  <testcase classname="scripts._03_EtsyTest" name="testMainHeader" time="6.150"/>
  <system-out/>
</testsuite> <!-- scripts._03_EtsyTest -->
