<?xml version="1.0" encoding="UTF-8"?>
<!-- Generated by org.testng.reporters.JUnitReportReporter -->
<testsuite hostname="Yousefs-MacBook-Pro.local" failures="0" tests="1" name="scripts._02_TechGlobalTest" time="2.208" errors="0" timestamp="2022-05-22T16:00:21 CDT" skipped="0">
  <testcase classname="scripts._02_TechGlobalTest" name="testApplicationFormHeading" time="2.208"/>
  <system-out/>
</testsuite> <!-- scripts._02_TechGlobalTest -->
