<?xml version="1.0" encoding="UTF-8"?>
<!-- Generated by org.testng.reporters.JUnitReportReporter -->
<testsuite hostname="Yousefs-MacBook-Pro.local" failures="0" tests="1" name="scripts._01_AppleTest" time="8.320" errors="0" timestamp="2022-06-11T14:42:54 CDT" skipped="0">
  <testcase classname="scripts._01_AppleTest" name="testAppleURL" time="8.320"/>
  <system-out/>
</testsuite> <!-- scripts._01_AppleTest -->
