<?xml version="1.0" encoding="UTF-8"?>
<!-- Generated by org.testng.reporters.JUnitReportReporter -->
<testsuite hostname="Yousefs-MacBook-Pro.local" failures="0" tests="5" name="scripts._08_Alerts" time="58.014" errors="0" timestamp="2022-06-11T14:42:54 CDT" skipped="0">
  <testcase classname="scripts._08_Alerts" name="testEtsySignInModal" time="9.103"/>
  <system-out/>
  <testcase classname="scripts._08_Alerts" name="testInformationWarningAlert" time="6.608"/>
  <system-out/>
  <testcase classname="scripts._08_Alerts" name="testConfirmationAlert" time="7.698"/>
  <system-out/>
  <testcase classname="scripts._08_Alerts" name="testPromptAlert" time="6.382"/>
  <system-out/>
  <testcase classname="scripts._08_Alerts" name="testAmazonAddressModal" time="28.223"/>
  <system-out/>
</testsuite> <!-- scripts._08_Alerts -->
